This is pdfTeX, Version 3.141592653-2.6-1.40.22 (TeX Live 2021 - Flatpak) (preloaded format=pdflatex 2022.4.5)  24 APR 2022 01:10
entering extended mode
 restricted \write18 enabled.
 %&-line parsing enabled.
**Experiments.tex
(./Experiments.tex
LaTeX2e <2020-10-01> patch level 4
L3 programming layer <2021-02-18>
(/app/texlive/texmf-dist/tex/latex/base/book.cls
Document Class: book 2020/04/10 v1.4m Standard LaTeX document class
(/app/texlive/texmf-dist/tex/latex/base/bk11.clo
File: bk11.clo 2020/04/10 v1.4m Standard LaTeX file (size option)
)
\c@part=\count179
\c@chapter=\count180
\c@section=\count181
\c@subsection=\count182
\c@subsubsection=\count183
\c@paragraph=\count184
\c@subparagraph=\count185
\c@figure=\count186
\c@table=\count187
\abovecaptionskip=\skip47
\belowcaptionskip=\skip48
\bibindent=\dimen138
)
(/app/texlive/texmf-dist/tex/latex/base/fontenc.sty
Package: fontenc 2020/08/10 v2.0s Standard LaTeX package
)
(/app/texlive/texmf-dist/tex/latex/base/inputenc.sty
Package: inputenc 2020/08/01 v1.3d Input encoding file
\inpenc@prehook=\toks15
\inpenc@posthook=\toks16
)
(/app/texlive/texmf-dist/tex/latex/geometry/geometry.sty
Package: geometry 2020/01/02 v5.9 Page Geometry

(/app/texlive/texmf-dist/tex/latex/graphics/keyval.sty
Package: keyval 2014/10/28 v1.15 key=value parser (DPC)
\KV@toks@=\toks17
)
(/app/texlive/texmf-dist/tex/generic/iftex/ifvtex.sty
Package: ifvtex 2019/10/25 v1.7 ifvtex legacy package. Use iftex instead.

(/app/texlive/texmf-dist/tex/generic/iftex/iftex.sty
Package: iftex 2020/03/06 v1.0d TeX engine tests
))
\Gm@cnth=\count188
\Gm@cntv=\count189
\c@Gm@tempcnt=\count190
\Gm@bindingoffset=\dimen139
\Gm@wd@mp=\dimen140
\Gm@odd@mp=\dimen141
\Gm@even@mp=\dimen142
\Gm@layoutwidth=\dimen143
\Gm@layoutheight=\dimen144
\Gm@layouthoffset=\dimen145
\Gm@layoutvoffset=\dimen146
\Gm@dimlist=\toks18
)
(/app/texlive/texmf-dist/tex/latex/url/url.sty
\Urlmuskip=\muskip16
Package: url 2013/09/16  ver 3.4  Verb mode for urls, etc.
)
(/app/texlive/texmf-dist/tex/latex/amsmath/amsmath.sty
Package: amsmath 2020/09/23 v2.17i AMS math features
\@mathmargin=\skip49

For additional information on amsmath, use the `?' option.
(/app/texlive/texmf-dist/tex/latex/amsmath/amstext.sty
Package: amstext 2000/06/29 v2.01 AMS text

(/app/texlive/texmf-dist/tex/latex/amsmath/amsgen.sty
File: amsgen.sty 1999/11/30 v2.0 generic functions
\@emptytoks=\toks19
\ex@=\dimen147
))
(/app/texlive/texmf-dist/tex/latex/amsmath/amsbsy.sty
Package: amsbsy 1999/11/29 v1.2d Bold Symbols
\pmbraise@=\dimen148
)
(/app/texlive/texmf-dist/tex/latex/amsmath/amsopn.sty
Package: amsopn 2016/03/08 v2.02 operator names
)
\inf@bad=\count191
LaTeX Info: Redefining \frac on input line 234.
\uproot@=\count192
\leftroot@=\count193
LaTeX Info: Redefining \overline on input line 399.
\classnum@=\count194
\DOTSCASE@=\count195
LaTeX Info: Redefining \ldots on input line 496.
LaTeX Info: Redefining \dots on input line 499.
LaTeX Info: Redefining \cdots on input line 620.
\Mathstrutbox@=\box47
\strutbox@=\box48
\big@size=\dimen149
LaTeX Font Info:    Redeclaring font encoding OML on input line 743.
LaTeX Font Info:    Redeclaring font encoding OMS on input line 744.
\macc@depth=\count196
\c@MaxMatrixCols=\count197
\dotsspace@=\muskip17
\c@parentequation=\count198
\dspbrk@lvl=\count199
\tag@help=\toks20
\row@=\count266
\column@=\count267
\maxfields@=\count268
\andhelp@=\toks21
\eqnshift@=\dimen150
\alignsep@=\dimen151
\tagshift@=\dimen152
\tagwidth@=\dimen153
\totwidth@=\dimen154
\lineht@=\dimen155
\@envbody=\toks22
\multlinegap=\skip50
\multlinetaggap=\skip51
\mathdisplay@stack=\toks23
LaTeX Info: Redefining \[ on input line 2923.
LaTeX Info: Redefining \] on input line 2924.
)
(/app/texlive/texmf-dist/tex/latex/amscls/amsthm.sty
Package: amsthm 2020/05/29 v2.20.6
\thm@style=\toks24
\thm@bodyfont=\toks25
\thm@headfont=\toks26
\thm@notefont=\toks27
\thm@headpunct=\toks28
\thm@preskip=\skip52
\thm@postskip=\skip53
\thm@headsep=\skip54
\dth@everypar=\toks29
)
(/app/texlive/texmf-dist/tex/latex/amsfonts/amssymb.sty
Package: amssymb 2013/01/14 v3.01 AMS font symbols

(/app/texlive/texmf-dist/tex/latex/amsfonts/amsfonts.sty
Package: amsfonts 2013/01/14 v3.01 Basic AMSFonts support
\symAMSa=\mathgroup4
\symAMSb=\mathgroup5
LaTeX Font Info:    Redeclaring math symbol \hbar on input line 98.
LaTeX Font Info:    Overwriting math alphabet `\mathfrak' in version `bold'
(Font)                  U/euf/m/n --> U/euf/b/n on input line 106.
))
(/app/texlive/texmf-dist/tex/latex/graphics/graphicx.sty
Package: graphicx 2020/09/09 v1.2b Enhanced LaTeX Graphics (DPC,SPQR)

(/app/texlive/texmf-dist/tex/latex/graphics/graphics.sty
Package: graphics 2020/08/30 v1.4c Standard LaTeX Graphics (DPC,SPQR)

(/app/texlive/texmf-dist/tex/latex/graphics/trig.sty
Package: trig 2016/01/03 v1.10 sin cos tan (DPC)
)
(/app/texlive/texmf-dist/tex/latex/graphics-cfg/graphics.cfg
File: graphics.cfg 2016/06/04 v1.11 sample graphics configuration
)
Package graphics Info: Driver file: pdftex.def on input line 105.

(/app/texlive/texmf-dist/tex/latex/graphics-def/pdftex.def
File: pdftex.def 2020/10/05 v1.2a Graphics/color driver for pdftex
))
\Gin@req@height=\dimen156
\Gin@req@width=\dimen157
)
(/app/texlive/texmf-dist/tex/latex/setspace/setspace.sty
Package: setspace 2011/12/19 v6.7a set line spacing
)
(/app/texlive/texmf-dist/tex/latex/tools/bm.sty
Package: bm 2019/07/24 v1.2d Bold Symbol Support (DPC/FMi)
\symboldoperators=\mathgroup6
\symboldletters=\mathgroup7
\symboldsymbols=\mathgroup8
LaTeX Font Info:    Redeclaring math alphabet \mathbf on input line 141.
LaTeX Info: Redefining \bm on input line 209.
)
(/app/texlive/texmf-dist/tex/latex/booktabs/booktabs.sty
Package: booktabs 2020/01/12 v1.61803398 Publication quality tables
\heavyrulewidth=\dimen158
\lightrulewidth=\dimen159
\cmidrulewidth=\dimen160
\belowrulesep=\dimen161
\belowbottomsep=\dimen162
\aboverulesep=\dimen163
\abovetopsep=\dimen164
\cmidrulesep=\dimen165
\cmidrulekern=\dimen166
\defaultaddspace=\dimen167
\@cmidla=\count269
\@cmidlb=\count270
\@aboverulesep=\dimen168
\@belowrulesep=\dimen169
\@thisruleclass=\count271
\@lastruleclass=\count272
\@thisrulewidth=\dimen170
)
(/app/texlive/texmf-dist/tex/latex/float/float.sty
Package: float 2001/11/08 v1.3d Float enhancements (AL)
\c@float@type=\count273
\float@exts=\toks30
\float@box=\box49
\@float@everytoks=\toks31
\@floatcapt=\box50
)
(/app/texlive/texmf-dist/tex/latex/subfig/subfig.sty
Package: subfig 2005/06/28 ver: 1.3 subfig package

(/app/texlive/texmf-dist/tex/latex/caption/caption.sty
Package: caption 2020/10/26 v3.5g Customizing captions (AR)

(/app/texlive/texmf-dist/tex/latex/caption/caption3.sty
Package: caption3 2020/10/21 v2.2e caption3 kernel (AR)
\captionmargin=\dimen171
\captionmargin@=\dimen172
\captionwidth=\dimen173
\caption@tempdima=\dimen174
\caption@indent=\dimen175
\caption@parindent=\dimen176
\caption@hangindent=\dimen177
Package caption Info: Standard document class detected.
)
\c@caption@flags=\count274
\c@continuedfloat=\count275
Package caption Info: float package is loaded.
)
\c@KVtest=\count276
\sf@farskip=\skip55
\sf@captopadj=\dimen178
\sf@capskip=\skip56
\sf@nearskip=\skip57
\c@subfigure=\count277
\c@subfigure@save=\count278
\c@lofdepth=\count279
\c@subtable=\count280
\c@subtable@save=\count281
\c@lotdepth=\count282
\sf@top=\skip58
\sf@bottom=\skip59
)
(/app/texlive/texmf-dist/tex/latex/xcolor/xcolor.sty
Package: xcolor 2016/05/11 v2.12 LaTeX color extensions (UK)

(/app/texlive/texmf-dist/tex/latex/graphics-cfg/color.cfg
File: color.cfg 2016/01/02 v1.6 sample color configuration
)
Package xcolor Info: Driver file: pdftex.def on input line 225.
Package xcolor Info: Model `cmy' substituted by `cmy0' on input line 1348.
Package xcolor Info: Model `hsb' substituted by `rgb' on input line 1352.
Package xcolor Info: Model `RGB' extended on input line 1364.
Package xcolor Info: Model `HTML' substituted by `rgb' on input line 1366.
Package xcolor Info: Model `Hsb' substituted by `hsb' on input line 1367.
Package xcolor Info: Model `tHsb' substituted by `hsb' on input line 1368.
Package xcolor Info: Model `HSB' substituted by `hsb' on input line 1369.
Package xcolor Info: Model `Gray' substituted by `gray' on input line 1370.
Package xcolor Info: Model `wave' substituted by `hsb' on input line 1371.
)
(/app/texlive/texmf-dist/tex/latex/lipsum/lipsum.sty
(/app/texlive/texmf-dist/tex/latex/l3kernel/expl3.sty
Package: expl3 2021-02-18 L3 programming layer (loader) 

(/app/texlive/texmf-dist/tex/latex/l3backend/l3backend-pdftex.def
File: l3backend-pdftex.def 2021-03-18 L3 backend support: PDF output (pdfTeX)
\l__color_backend_stack_int=\count283
\l__pdf_internal_box=\box51
))
(/app/texlive/texmf-dist/tex/latex/l3packages/xparse/xparse.sty
(/app/texlive/texmf-dist/tex/latex/l3packages/xparse/xparse-2020-10-01.sty
(/app/texlive/texmf-dist/tex/latex/l3packages/xparse/xparse-generic.tex)))
Package: lipsum 2021-03-03 v2.3 150 paragraphs of Lorem Ipsum dummy text

(/app/texlive/texmf-dist/tex/latex/lipsum/lipsum.ltd.tex
File: lipsum.ltd.tex 2021-03-03 v2.3 The Lorem ipsum dummy text
))
(/app/texlive/texmf-dist/tex/latex/biblatex/biblatex.sty
Package: biblatex 2020/12/06 v3.16 programmable bibliographies (PK/MW)

(/app/texlive/texmf-dist/tex/generic/pdftexcmds/pdftexcmds.sty
Package: pdftexcmds 2020-06-27 v0.33 Utility functions of pdfTeX for LuaTeX (HO
)

(/app/texlive/texmf-dist/tex/generic/infwarerr/infwarerr.sty
Package: infwarerr 2019/12/03 v1.5 Providing info/warning/error messages (HO)
)
(/app/texlive/texmf-dist/tex/generic/ltxcmds/ltxcmds.sty
Package: ltxcmds 2020-05-10 v1.25 LaTeX kernel commands for general use (HO)
)
Package pdftexcmds Info: \pdf@primitive is available.
Package pdftexcmds Info: \pdf@ifprimitive is available.
Package pdftexcmds Info: \pdfdraftmode found.
)
(/app/texlive/texmf-dist/tex/latex/etoolbox/etoolbox.sty
Package: etoolbox 2020/10/05 v2.5k e-TeX tools for LaTeX (JAW)
\etb@tempcnta=\count284
)
(/app/texlive/texmf-dist/tex/latex/kvoptions/kvoptions.sty
Package: kvoptions 2020-10-07 v3.14 Key value format for package options (HO)

(/app/texlive/texmf-dist/tex/generic/kvsetkeys/kvsetkeys.sty
Package: kvsetkeys 2019/12/15 v1.18 Key value parser (HO)
))
(/app/texlive/texmf-dist/tex/latex/logreq/logreq.sty
Package: logreq 2010/08/04 v1.0 xml request logger
\lrq@indent=\count285

(/app/texlive/texmf-dist/tex/latex/logreq/logreq.def
File: logreq.def 2010/08/04 v1.0 logreq spec v1.0
))
(/app/texlive/texmf-dist/tex/latex/base/ifthen.sty
Package: ifthen 2014/09/29 v1.1c Standard LaTeX ifthen package (DPC)
)
\c@tabx@nest=\count286
\c@listtotal=\count287
\c@listcount=\count288
\c@liststart=\count289
\c@liststop=\count290
\c@citecount=\count291
\c@citetotal=\count292
\c@multicitecount=\count293
\c@multicitetotal=\count294
\c@instcount=\count295
\c@maxnames=\count296
\c@minnames=\count297
\c@maxitems=\count298
\c@minitems=\count299
\c@citecounter=\count300
\c@maxcitecounter=\count301
\c@savedcitecounter=\count302
\c@uniquelist=\count303
\c@uniquename=\count304
\c@refsection=\count305
\c@refsegment=\count306
\c@maxextratitle=\count307
\c@maxextratitleyear=\count308
\c@maxextraname=\count309
\c@maxextradate=\count310
\c@maxextraalpha=\count311
\c@abbrvpenalty=\count312
\c@highnamepenalty=\count313
\c@lownamepenalty=\count314
\c@maxparens=\count315
\c@parenlevel=\count316
\blx@tempcnta=\count317
\blx@tempcntb=\count318
\blx@tempcntc=\count319
\blx@maxsection=\count320
\blx@maxsegment@0=\count321
\blx@notetype=\count322
\blx@parenlevel@text=\count323
\blx@parenlevel@foot=\count324
\blx@sectionciteorder@0=\count325
\blx@entrysetcounter=\count326
\blx@biblioinstance=\count327
\labelnumberwidth=\skip60
\labelalphawidth=\skip61
\biblabelsep=\skip62
\bibitemsep=\skip63
\bibnamesep=\skip64
\bibinitsep=\skip65
\bibparsep=\skip66
\bibhang=\skip67
\blx@bcfin=\read2
\blx@bcfout=\write3
\blx@langwohyphens=\language87
\c@mincomprange=\count328
\c@maxcomprange=\count329
\c@mincompwidth=\count330
Package biblatex Info: Trying to load biblatex default data model...
Package biblatex Info: ... file 'blx-dm.def' found.

(/app/texlive/texmf-dist/tex/latex/biblatex/blx-dm.def
File: blx-dm.def 2020/12/06 v3.16 biblatex localization (PK/MW)
)
Package biblatex Info: Trying to load biblatex style data model...
Package biblatex Info: ... file 'numeric.dbx' not found.
Package biblatex Info: Trying to load biblatex custom data model...
Package biblatex Info: ... file 'biblatex-dm.cfg' not found.
\c@afterword=\count331
\c@savedafterword=\count332
\c@annotator=\count333
\c@savedannotator=\count334
\c@author=\count335
\c@savedauthor=\count336
\c@bookauthor=\count337
\c@savedbookauthor=\count338
\c@commentator=\count339
\c@savedcommentator=\count340
\c@editor=\count341
\c@savededitor=\count342
\c@editora=\count343
\c@savededitora=\count344
\c@editorb=\count345
\c@savededitorb=\count346
\c@editorc=\count347
\c@savededitorc=\count348
\c@foreword=\count349
\c@savedforeword=\count350
\c@holder=\count351
\c@savedholder=\count352
\c@introduction=\count353
\c@savedintroduction=\count354
\c@namea=\count355
\c@savednamea=\count356
\c@nameb=\count357
\c@savednameb=\count358
\c@namec=\count359
\c@savednamec=\count360
\c@translator=\count361
\c@savedtranslator=\count362
\c@shortauthor=\count363
\c@savedshortauthor=\count364
\c@shorteditor=\count365
\c@savedshorteditor=\count366
\c@labelname=\count367
\c@savedlabelname=\count368
\c@institution=\count369
\c@savedinstitution=\count370
\c@lista=\count371
\c@savedlista=\count372
\c@listb=\count373
\c@savedlistb=\count374
\c@listc=\count375
\c@savedlistc=\count376
\c@listd=\count377
\c@savedlistd=\count378
\c@liste=\count379
\c@savedliste=\count380
\c@listf=\count381
\c@savedlistf=\count382
\c@location=\count383
\c@savedlocation=\count384
\c@organization=\count385
\c@savedorganization=\count386
\c@origlocation=\count387
\c@savedoriglocation=\count388
\c@origpublisher=\count389
\c@savedorigpublisher=\count390
\c@publisher=\count391
\c@savedpublisher=\count392
\c@language=\count393
\c@savedlanguage=\count394
\c@origlanguage=\count395
\c@savedoriglanguage=\count396
\c@pageref=\count397
\c@savedpageref=\count398
\shorthandwidth=\skip68
\shortjournalwidth=\skip69
\shortserieswidth=\skip70
\shorttitlewidth=\skip71
\shortauthorwidth=\skip72
\shorteditorwidth=\skip73
\locallabelnumberwidth=\skip74
\locallabelalphawidth=\skip75
\localshorthandwidth=\skip76
\localshortjournalwidth=\skip77
\localshortserieswidth=\skip78
\localshorttitlewidth=\skip79
\localshortauthorwidth=\skip80
\localshorteditorwidth=\skip81
Package biblatex Info: Trying to load compatibility code...
Package biblatex Info: ... file 'blx-compat.def' found.

(/app/texlive/texmf-dist/tex/latex/biblatex/blx-compat.def
File: blx-compat.def 2020/12/06 v3.16 biblatex compatibility (PK/MW)
)
Package biblatex Info: Trying to load BibTeX backend compatibility...
Package biblatex Info: ... file 'blx-bibtex.def' found.

(/app/texlive/texmf-dist/tex/latex/biblatex/blx-bibtex.def
File: blx-bibtex.def 2020/12/06 v3.16 biblatex compatibility (PK/MW)


Package biblatex Warning: Using fall-back BibTeX(8) backend:
(biblatex)                functionality may be reduced/unavailable.

)
Package biblatex Info: Trying to load generic definitions...
Package biblatex Info: ... file 'biblatex.def' found.
 (/app/texlive/texmf-dist/tex/latex/biblatex/biblatex.def
File: biblatex.def 2020/12/06 v3.16 biblatex compatibility (PK/MW)
\c@textcitecount=\count399
\c@textcitetotal=\count400
\c@textcitemaxnames=\count401
\c@biburlbigbreakpenalty=\count402
\c@biburlbreakpenalty=\count403
\c@biburlnumpenalty=\count404
\c@biburlucpenalty=\count405
\c@biburllcpenalty=\count406
\biburlbigskip=\muskip18
\biburlnumskip=\muskip19
\biburlucskip=\muskip20
\biburllcskip=\muskip21
\c@smartand=\count407
)
Package biblatex Info: Trying to load bibliography style 'numeric'...
Package biblatex Info: ... file 'numeric.bbx' found.

(/app/texlive/texmf-dist/tex/latex/biblatex/bbx/numeric.bbx
File: numeric.bbx 2020/12/06 v3.16 biblatex bibliography style (PK/MW)
Package biblatex Info: Trying to load bibliography style 'standard'...
Package biblatex Info: ... file 'standard.bbx' found.

(/app/texlive/texmf-dist/tex/latex/biblatex/bbx/standard.bbx
File: standard.bbx 2020/12/06 v3.16 biblatex bibliography style (PK/MW)
\c@bbx:relatedcount=\count408
\c@bbx:relatedtotal=\count409
))
Package biblatex Info: Trying to load citation style 'numeric'...
Package biblatex Info: ... file 'numeric.cbx' found.

(/app/texlive/texmf-dist/tex/latex/biblatex/cbx/numeric.cbx
File: numeric.cbx 2020/12/06 v3.16 biblatex citation style (PK/MW)
Package biblatex Info: Redefining '\cite'.
Package biblatex Info: Redefining '\parencite'.
Package biblatex Info: Redefining '\footcite'.
Package biblatex Info: Redefining '\footcitetext'.
Package biblatex Info: Redefining '\smartcite'.
Package biblatex Info: Redefining '\supercite'.
Package biblatex Info: Redefining '\textcite'.
Package biblatex Info: Redefining '\textcites'.
Package biblatex Info: Redefining '\cites'.
Package biblatex Info: Redefining '\parencites'.
Package biblatex Info: Redefining '\smartcites'.
)
Package biblatex Info: Trying to load configuration file...
Package biblatex Info: ... file 'biblatex.cfg' found.

(/app/texlive/texmf-dist/tex/latex/biblatex/biblatex.cfg
File: biblatex.cfg 
))
\c@thm=\count410
\c@defn=\count411
\c@rmrk=\count412
\c@coro=\count413

(/app/texlive/texmf-dist/tex/latex/txfonts/txfonts.sty
Package: txfonts 2008/01/22 v3.2.1
LaTeX Font Info:    Redeclaring symbol font `operators' on input line 21.
LaTeX Font Info:    Overwriting symbol font `operators' in version `normal'
(Font)                  OT1/cmr/m/n --> OT1/txr/m/n on input line 21.
LaTeX Font Info:    Overwriting symbol font `operators' in version `bold'
(Font)                  OT1/cmr/bx/n --> OT1/txr/m/n on input line 21.
LaTeX Font Info:    Overwriting symbol font `operators' in version `bold'
(Font)                  OT1/txr/m/n --> OT1/txr/bx/n on input line 22.
\symitalic=\mathgroup9
LaTeX Font Info:    Overwriting symbol font `italic' in version `bold'
(Font)                  OT1/txr/m/it --> OT1/txr/bx/it on input line 26.
LaTeX Font Info:    Redeclaring math alphabet \mathbf on input line 29.
LaTeX Font Info:    Redeclaring math alphabet \mathit on input line 30.
LaTeX Font Info:    Overwriting math alphabet `\mathit' in version `normal'
(Font)                  OT1/cmr/m/it --> OT1/txr/m/it on input line 30.
LaTeX Font Info:    Overwriting math alphabet `\mathit' in version `bold'
(Font)                  OT1/cmr/bx/it --> OT1/txr/m/it on input line 30.
LaTeX Font Info:    Overwriting math alphabet `\mathit' in version `bold'
(Font)                  OT1/txr/m/it --> OT1/txr/bx/it on input line 31.
LaTeX Font Info:    Redeclaring math alphabet \mathsf on input line 40.
LaTeX Font Info:    Overwriting math alphabet `\mathsf' in version `normal'
(Font)                  OT1/cmss/m/n --> OT1/txss/m/n on input line 40.
LaTeX Font Info:    Overwriting math alphabet `\mathsf' in version `bold'
(Font)                  OT1/cmss/bx/n --> OT1/txss/m/n on input line 40.
LaTeX Font Info:    Overwriting math alphabet `\mathsf' in version `bold'
(Font)                  OT1/txss/m/n --> OT1/txss/b/n on input line 41.
LaTeX Font Info:    Redeclaring math alphabet \mathtt on input line 50.
LaTeX Font Info:    Overwriting math alphabet `\mathtt' in version `normal'
(Font)                  OT1/cmtt/m/n --> OT1/txtt/m/n on input line 50.
LaTeX Font Info:    Overwriting math alphabet `\mathtt' in version `bold'
(Font)                  OT1/cmtt/m/n --> OT1/txtt/m/n on input line 50.
LaTeX Font Info:    Overwriting math alphabet `\mathtt' in version `bold'
(Font)                  OT1/txtt/m/n --> OT1/txtt/b/n on input line 51.
LaTeX Font Info:    Redeclaring symbol font `letters' on input line 58.
LaTeX Font Info:    Overwriting symbol font `letters' in version `normal'
(Font)                  OML/cmm/m/it --> OML/txmi/m/it on input line 58.
LaTeX Font Info:    Overwriting symbol font `letters' in version `bold'
(Font)                  OML/cmm/b/it --> OML/txmi/m/it on input line 58.
LaTeX Font Info:    Overwriting symbol font `letters' in version `bold'
(Font)                  OML/txmi/m/it --> OML/txmi/bx/it on input line 59.
\symlettersA=\mathgroup10
LaTeX Font Info:    Overwriting symbol font `lettersA' in version `bold'
(Font)                  U/txmia/m/it --> U/txmia/bx/it on input line 67.
LaTeX Font Info:    Redeclaring math alphabet \mathfrak on input line 70.
LaTeX Font Info:    Redeclaring symbol font `symbols' on input line 77.
LaTeX Font Info:    Overwriting symbol font `symbols' in version `normal'
(Font)                  OMS/cmsy/m/n --> OMS/txsy/m/n on input line 77.
LaTeX Font Info:    Overwriting symbol font `symbols' in version `bold'
(Font)                  OMS/cmsy/b/n --> OMS/txsy/m/n on input line 77.
LaTeX Font Info:    Overwriting symbol font `symbols' in version `bold'
(Font)                  OMS/txsy/m/n --> OMS/txsy/bx/n on input line 78.
LaTeX Font Info:    Redeclaring symbol font `AMSa' on input line 93.
LaTeX Font Info:    Overwriting symbol font `AMSa' in version `normal'
(Font)                  U/msa/m/n --> U/txsya/m/n on input line 93.
LaTeX Font Info:    Overwriting symbol font `AMSa' in version `bold'
(Font)                  U/msa/m/n --> U/txsya/m/n on input line 93.
LaTeX Font Info:    Overwriting symbol font `AMSa' in version `bold'
(Font)                  U/txsya/m/n --> U/txsya/bx/n on input line 94.
LaTeX Font Info:    Redeclaring symbol font `AMSb' on input line 102.
LaTeX Font Info:    Overwriting symbol font `AMSb' in version `normal'
(Font)                  U/msb/m/n --> U/txsyb/m/n on input line 102.
LaTeX Font Info:    Overwriting symbol font `AMSb' in version `bold'
(Font)                  U/msb/m/n --> U/txsyb/m/n on input line 102.
LaTeX Font Info:    Overwriting symbol font `AMSb' in version `bold'
(Font)                  U/txsyb/m/n --> U/txsyb/bx/n on input line 103.
\symsymbolsC=\mathgroup11
LaTeX Font Info:    Overwriting symbol font `symbolsC' in version `bold'
(Font)                  U/txsyc/m/n --> U/txsyc/bx/n on input line 113.
LaTeX Font Info:    Redeclaring symbol font `largesymbols' on input line 120.
LaTeX Font Info:    Overwriting symbol font `largesymbols' in version `normal'
(Font)                  OMX/cmex/m/n --> OMX/txex/m/n on input line 120.
LaTeX Font Info:    Overwriting symbol font `largesymbols' in version `bold'
(Font)                  OMX/cmex/m/n --> OMX/txex/m/n on input line 120.
LaTeX Font Info:    Overwriting symbol font `largesymbols' in version `bold'
(Font)                  OMX/txex/m/n --> OMX/txex/bx/n on input line 121.
\symlargesymbolsA=\mathgroup12
LaTeX Font Info:    Overwriting symbol font `largesymbolsA' in version `bold'
(Font)                  U/txexa/m/n --> U/txexa/bx/n on input line 129.
LaTeX Font Info:    Redeclaring math symbol \mathsterling on input line 164.
LaTeX Info: Redefining \not on input line 1043.
LaTeX Info: Redefining \textsquare on input line 1063.
LaTeX Info: Redefining \openbox on input line 1064.
)
(/app/texlive/texmf-dist/tex/latex/tools/indentfirst.sty
Package: indentfirst 1995/11/23 v1.03 Indent first paragraph (DPC)
)
(/app/texlive/texmf-dist/tex/generic/babel/babel.sty
Package: babel 2021/03/24 3.56 The Babel package

(/app/texlive/texmf-dist/tex/generic/babel/babel.def
File: babel.def 2021/03/24 3.56 Babel common definitions
\babel@savecnt=\count414
\U@D=\dimen179
\l@babelnohyphens=\language88

(/app/texlive/texmf-dist/tex/generic/babel/txtbabel.def)
\bbl@readstream=\read3
)
\bbl@dirlevel=\count415

(/app/texlive/texmf-dist/tex/generic/babel-czech/czech.ldf
Language: czech 2008/07/06 v3.1a Czech support from the babel system
Package babel Info: Making " an active character on input line 172.
\cs@wordlen=\count416
Package babel Info: Making - an active character on input line 226.
)
(/app/texlive/texmf-dist/tex/generic/babel-english/american.ldf
Language: american 2017/06/06 v3.3r English support from the babel system

(/app/texlive/texmf-dist/tex/generic/babel-english/english.ldf
Language: english 2017/06/06 v3.3r English support from the babel system
Package babel Info: \l@canadian = using hyphenrules for english
(babel)             (\language0) on input line 102.
Package babel Info: \l@australian = using hyphenrules for ukenglish
(babel)             (\language21) on input line 105.
Package babel Info: \l@newzealand = using hyphenrules for ukenglish
(babel)             (\language21) on input line 108.
)))
(/app/texlive/texmf-dist/tex/latex/multirow/multirow.sty
Package: multirow 2021/03/15 v2.8 Span multiple rows of a table
\multirow@colwidth=\skip82
\multirow@cntb=\count417
\multirow@dima=\skip83
\bigstrutjot=\dimen180
)
(/app/texlive/texmf-dist/tex/latex/tools/hhline.sty
Package: hhline 2020/01/04 v2.04 Table rule package (DPC)
)
(/app/texlive/texmf-dist/tex/latex/epstopdf-pkg/epstopdf.sty
Package: epstopdf 2020-01-24 v2.11 Conversion with epstopdf on the fly (HO)

(/app/texlive/texmf-dist/tex/latex/grfext/grfext.sty
Package: grfext 2019/12/03 v1.3 Manage graphics extensions (HO)

(/app/texlive/texmf-dist/tex/generic/kvdefinekeys/kvdefinekeys.sty
Package: kvdefinekeys 2019-12-19 v1.6 Define keys (HO)
))
(/app/texlive/texmf-dist/tex/latex/epstopdf-pkg/epstopdf-base.sty
Package: epstopdf-base 2020-01-24 v2.11 Base part for package epstopdf
Package epstopdf-base Info: Redefining graphics rule for `.eps' on input line 4
85.
Package grfext Info: Graphics extension search list:
(grfext)             [.pdf,.png,.jpg,.mps,.jpeg,.jbig2,.jb2,.PDF,.PNG,.JPG,.JPE
G,.JBIG2,.JB2,.eps]
(grfext)             \AppendGraphicsExtensions on input line 504.

(/app/texlive/texmf-dist/tex/latex/latexconfig/epstopdf-sys.cfg
File: epstopdf-sys.cfg 2010/07/13 v1.3 Configuration of (r)epstopdf for TeX Liv
e
)))
(/app/texlive/texmf-dist/tex/latex/pgf/frontendlayer/tikz.sty
(/app/texlive/texmf-dist/tex/latex/pgf/basiclayer/pgf.sty
(/app/texlive/texmf-dist/tex/latex/pgf/utilities/pgfrcs.sty
(/app/texlive/texmf-dist/tex/generic/pgf/utilities/pgfutil-common.tex
\pgfutil@everybye=\toks32
\pgfutil@tempdima=\dimen181
\pgfutil@tempdimb=\dimen182

(/app/texlive/texmf-dist/tex/generic/pgf/utilities/pgfutil-common-lists.tex))
(/app/texlive/texmf-dist/tex/generic/pgf/utilities/pgfutil-latex.def
\pgfutil@abb=\box52
)
(/app/texlive/texmf-dist/tex/generic/pgf/utilities/pgfrcs.code.tex
(/app/texlive/texmf-dist/tex/generic/pgf/pgf.revision.tex)
Package: pgfrcs 2020/12/27 v3.1.8b (3.1.8b)
))
Package: pgf 2020/12/27 v3.1.8b (3.1.8b)

(/app/texlive/texmf-dist/tex/latex/pgf/basiclayer/pgfcore.sty
(/app/texlive/texmf-dist/tex/latex/pgf/systemlayer/pgfsys.sty
(/app/texlive/texmf-dist/tex/generic/pgf/systemlayer/pgfsys.code.tex
Package: pgfsys 2020/12/27 v3.1.8b (3.1.8b)

(/app/texlive/texmf-dist/tex/generic/pgf/utilities/pgfkeys.code.tex
\pgfkeys@pathtoks=\toks33
\pgfkeys@temptoks=\toks34

(/app/texlive/texmf-dist/tex/generic/pgf/utilities/pgfkeysfiltered.code.tex
\pgfkeys@tmptoks=\toks35
))
\pgf@x=\dimen183
\pgf@y=\dimen184
\pgf@xa=\dimen185
\pgf@ya=\dimen186
\pgf@xb=\dimen187
\pgf@yb=\dimen188
\pgf@xc=\dimen189
\pgf@yc=\dimen190
\pgf@xd=\dimen191
\pgf@yd=\dimen192
\w@pgf@writea=\write4
\r@pgf@reada=\read4
\c@pgf@counta=\count418
\c@pgf@countb=\count419
\c@pgf@countc=\count420
\c@pgf@countd=\count421
\t@pgf@toka=\toks36
\t@pgf@tokb=\toks37
\t@pgf@tokc=\toks38
\pgf@sys@id@count=\count422

(/app/texlive/texmf-dist/tex/generic/pgf/systemlayer/pgf.cfg
File: pgf.cfg 2020/12/27 v3.1.8b (3.1.8b)
)
Driver file for pgf: pgfsys-pdftex.def

(/app/texlive/texmf-dist/tex/generic/pgf/systemlayer/pgfsys-pdftex.def
File: pgfsys-pdftex.def 2020/12/27 v3.1.8b (3.1.8b)

(/app/texlive/texmf-dist/tex/generic/pgf/systemlayer/pgfsys-common-pdf.def
File: pgfsys-common-pdf.def 2020/12/27 v3.1.8b (3.1.8b)
)))
(/app/texlive/texmf-dist/tex/generic/pgf/systemlayer/pgfsyssoftpath.code.tex
File: pgfsyssoftpath.code.tex 2020/12/27 v3.1.8b (3.1.8b)
\pgfsyssoftpath@smallbuffer@items=\count423
\pgfsyssoftpath@bigbuffer@items=\count424
)
(/app/texlive/texmf-dist/tex/generic/pgf/systemlayer/pgfsysprotocol.code.tex
File: pgfsysprotocol.code.tex 2020/12/27 v3.1.8b (3.1.8b)
))
(/app/texlive/texmf-dist/tex/generic/pgf/basiclayer/pgfcore.code.tex
Package: pgfcore 2020/12/27 v3.1.8b (3.1.8b)

(/app/texlive/texmf-dist/tex/generic/pgf/math/pgfmath.code.tex
(/app/texlive/texmf-dist/tex/generic/pgf/math/pgfmathcalc.code.tex
(/app/texlive/texmf-dist/tex/generic/pgf/math/pgfmathutil.code.tex)
(/app/texlive/texmf-dist/tex/generic/pgf/math/pgfmathparser.code.tex
\pgfmath@dimen=\dimen193
\pgfmath@count=\count425
\pgfmath@box=\box53
\pgfmath@toks=\toks39
\pgfmath@stack@operand=\toks40
\pgfmath@stack@operation=\toks41
)
(/app/texlive/texmf-dist/tex/generic/pgf/math/pgfmathfunctions.code.tex
(/app/texlive/texmf-dist/tex/generic/pgf/math/pgfmathfunctions.basic.code.tex)
(/app/texlive/texmf-dist/tex/generic/pgf/math/pgfmathfunctions.trigonometric.co
de.tex)
(/app/texlive/texmf-dist/tex/generic/pgf/math/pgfmathfunctions.random.code.tex)

(/app/texlive/texmf-dist/tex/generic/pgf/math/pgfmathfunctions.comparison.code.
tex)
(/app/texlive/texmf-dist/tex/generic/pgf/math/pgfmathfunctions.base.code.tex)
(/app/texlive/texmf-dist/tex/generic/pgf/math/pgfmathfunctions.round.code.tex)
(/app/texlive/texmf-dist/tex/generic/pgf/math/pgfmathfunctions.misc.code.tex)
(/app/texlive/texmf-dist/tex/generic/pgf/math/pgfmathfunctions.integerarithmeti
cs.code.tex)))
(/app/texlive/texmf-dist/tex/generic/pgf/math/pgfmathfloat.code.tex
\c@pgfmathroundto@lastzeros=\count426
))
(/app/texlive/texmf-dist/tex/generic/pgf/math/pgfint.code.tex)
(/app/texlive/texmf-dist/tex/generic/pgf/basiclayer/pgfcorepoints.code.tex
File: pgfcorepoints.code.tex 2020/12/27 v3.1.8b (3.1.8b)
\pgf@picminx=\dimen194
\pgf@picmaxx=\dimen195
\pgf@picminy=\dimen196
\pgf@picmaxy=\dimen197
\pgf@pathminx=\dimen198
\pgf@pathmaxx=\dimen199
\pgf@pathminy=\dimen256
\pgf@pathmaxy=\dimen257
\pgf@xx=\dimen258
\pgf@xy=\dimen259
\pgf@yx=\dimen260
\pgf@yy=\dimen261
\pgf@zx=\dimen262
\pgf@zy=\dimen263
)
(/app/texlive/texmf-dist/tex/generic/pgf/basiclayer/pgfcorepathconstruct.code.t
ex
File: pgfcorepathconstruct.code.tex 2020/12/27 v3.1.8b (3.1.8b)
\pgf@path@lastx=\dimen264
\pgf@path@lasty=\dimen265
)
(/app/texlive/texmf-dist/tex/generic/pgf/basiclayer/pgfcorepathusage.code.tex
File: pgfcorepathusage.code.tex 2020/12/27 v3.1.8b (3.1.8b)
\pgf@shorten@end@additional=\dimen266
\pgf@shorten@start@additional=\dimen267
)
(/app/texlive/texmf-dist/tex/generic/pgf/basiclayer/pgfcorescopes.code.tex
File: pgfcorescopes.code.tex 2020/12/27 v3.1.8b (3.1.8b)
\pgfpic=\box54
\pgf@hbox=\box55
\pgf@layerbox@main=\box56
\pgf@picture@serial@count=\count427
)
(/app/texlive/texmf-dist/tex/generic/pgf/basiclayer/pgfcoregraphicstate.code.te
x
File: pgfcoregraphicstate.code.tex 2020/12/27 v3.1.8b (3.1.8b)
\pgflinewidth=\dimen268
)
(/app/texlive/texmf-dist/tex/generic/pgf/basiclayer/pgfcoretransformations.code
.tex
File: pgfcoretransformations.code.tex 2020/12/27 v3.1.8b (3.1.8b)
\pgf@pt@x=\dimen269
\pgf@pt@y=\dimen270
\pgf@pt@temp=\dimen271
) (/app/texlive/texmf-dist/tex/generic/pgf/basiclayer/pgfcorequick.code.tex
File: pgfcorequick.code.tex 2020/12/27 v3.1.8b (3.1.8b)
) (/app/texlive/texmf-dist/tex/generic/pgf/basiclayer/pgfcoreobjects.code.tex
File: pgfcoreobjects.code.tex 2020/12/27 v3.1.8b (3.1.8b)
)
(/app/texlive/texmf-dist/tex/generic/pgf/basiclayer/pgfcorepathprocessing.code.
tex
File: pgfcorepathprocessing.code.tex 2020/12/27 v3.1.8b (3.1.8b)
) (/app/texlive/texmf-dist/tex/generic/pgf/basiclayer/pgfcorearrows.code.tex
File: pgfcorearrows.code.tex 2020/12/27 v3.1.8b (3.1.8b)
\pgfarrowsep=\dimen272
) (/app/texlive/texmf-dist/tex/generic/pgf/basiclayer/pgfcoreshade.code.tex
File: pgfcoreshade.code.tex 2020/12/27 v3.1.8b (3.1.8b)
\pgf@max=\dimen273
\pgf@sys@shading@range@num=\count428
\pgf@shadingcount=\count429
)
(/app/texlive/texmf-dist/tex/generic/pgf/basiclayer/pgfcoreimage.code.tex
File: pgfcoreimage.code.tex 2020/12/27 v3.1.8b (3.1.8b)

(/app/texlive/texmf-dist/tex/generic/pgf/basiclayer/pgfcoreexternal.code.tex
File: pgfcoreexternal.code.tex 2020/12/27 v3.1.8b (3.1.8b)
\pgfexternal@startupbox=\box57
))
(/app/texlive/texmf-dist/tex/generic/pgf/basiclayer/pgfcorelayers.code.tex
File: pgfcorelayers.code.tex 2020/12/27 v3.1.8b (3.1.8b)
)
(/app/texlive/texmf-dist/tex/generic/pgf/basiclayer/pgfcoretransparency.code.te
x
File: pgfcoretransparency.code.tex 2020/12/27 v3.1.8b (3.1.8b)
) (/app/texlive/texmf-dist/tex/generic/pgf/basiclayer/pgfcorepatterns.code.tex
File: pgfcorepatterns.code.tex 2020/12/27 v3.1.8b (3.1.8b)
) (/app/texlive/texmf-dist/tex/generic/pgf/basiclayer/pgfcorerdf.code.tex
File: pgfcorerdf.code.tex 2020/12/27 v3.1.8b (3.1.8b)
)))
(/app/texlive/texmf-dist/tex/generic/pgf/modules/pgfmoduleshapes.code.tex
File: pgfmoduleshapes.code.tex 2020/12/27 v3.1.8b (3.1.8b)
\pgfnodeparttextbox=\box58
)
(/app/texlive/texmf-dist/tex/generic/pgf/modules/pgfmoduleplot.code.tex
File: pgfmoduleplot.code.tex 2020/12/27 v3.1.8b (3.1.8b)
)
(/app/texlive/texmf-dist/tex/latex/pgf/compatibility/pgfcomp-version-0-65.sty
Package: pgfcomp-version-0-65 2020/12/27 v3.1.8b (3.1.8b)
\pgf@nodesepstart=\dimen274
\pgf@nodesepend=\dimen275
)
(/app/texlive/texmf-dist/tex/latex/pgf/compatibility/pgfcomp-version-1-18.sty
Package: pgfcomp-version-1-18 2020/12/27 v3.1.8b (3.1.8b)
)) (/app/texlive/texmf-dist/tex/latex/pgf/utilities/pgffor.sty
(/app/texlive/texmf-dist/tex/latex/pgf/utilities/pgfkeys.sty
(/app/texlive/texmf-dist/tex/generic/pgf/utilities/pgfkeys.code.tex))
(/app/texlive/texmf-dist/tex/latex/pgf/math/pgfmath.sty
(/app/texlive/texmf-dist/tex/generic/pgf/math/pgfmath.code.tex))
(/app/texlive/texmf-dist/tex/generic/pgf/utilities/pgffor.code.tex
Package: pgffor 2020/12/27 v3.1.8b (3.1.8b)

(/app/texlive/texmf-dist/tex/generic/pgf/math/pgfmath.code.tex)
\pgffor@iter=\dimen276
\pgffor@skip=\dimen277
\pgffor@stack=\toks42
\pgffor@toks=\toks43
))
(/app/texlive/texmf-dist/tex/generic/pgf/frontendlayer/tikz/tikz.code.tex
Package: tikz 2020/12/27 v3.1.8b (3.1.8b)

(/app/texlive/texmf-dist/tex/generic/pgf/libraries/pgflibraryplothandlers.code.
tex
File: pgflibraryplothandlers.code.tex 2020/12/27 v3.1.8b (3.1.8b)
\pgf@plot@mark@count=\count430
\pgfplotmarksize=\dimen278
)
\tikz@lastx=\dimen279
\tikz@lasty=\dimen280
\tikz@lastxsaved=\dimen281
\tikz@lastysaved=\dimen282
\tikz@lastmovetox=\dimen283
\tikz@lastmovetoy=\dimen284
\tikzleveldistance=\dimen285
\tikzsiblingdistance=\dimen286
\tikz@figbox=\box59
\tikz@figbox@bg=\box60
\tikz@tempbox=\box61
\tikz@tempbox@bg=\box62
\tikztreelevel=\count431
\tikznumberofchildren=\count432
\tikznumberofcurrentchild=\count433
\tikz@fig@count=\count434
 (/app/texlive/texmf-dist/tex/generic/pgf/modules/pgfmodulematrix.code.tex
File: pgfmodulematrix.code.tex 2020/12/27 v3.1.8b (3.1.8b)
\pgfmatrixcurrentrow=\count435
\pgfmatrixcurrentcolumn=\count436
\pgf@matrix@numberofcolumns=\count437
)
\tikz@expandcount=\count438

(/app/texlive/texmf-dist/tex/generic/pgf/frontendlayer/tikz/libraries/tikzlibra
rytopaths.code.tex
File: tikzlibrarytopaths.code.tex 2020/12/27 v3.1.8b (3.1.8b)
))) (/app/texlive/texmf-dist/tex/latex/pdfpages/pdfpages.sty
Package: pdfpages 2021/03/06 v0.5t Insert pages of external PDF documents (AM)

(/app/texlive/texmf-dist/tex/latex/tools/calc.sty
Package: calc 2017/05/25 v4.3 Infix arithmetic (KKT,FJ)
\calc@Acount=\count439
\calc@Bcount=\count440
\calc@Adimen=\dimen287
\calc@Bdimen=\dimen288
\calc@Askip=\skip84
\calc@Bskip=\skip85
LaTeX Info: Redefining \setlength on input line 80.
LaTeX Info: Redefining \addtolength on input line 81.
\calc@Ccount=\count441
\calc@Cskip=\skip86
)
(/app/texlive/texmf-dist/tex/latex/eso-pic/eso-pic.sty
Package: eso-pic 2020/10/14 v3.0a eso-pic (RN)
\ESO@tempdima=\dimen289
\ESO@tempdimb=\dimen290
)
\AM@pagewidth=\dimen291
\AM@pageheight=\dimen292
\AM@fboxrule=\dimen293

(/app/texlive/texmf-dist/tex/latex/pdfpages/pppdftex.def
File: pppdftex.def 2021/03/06 v0.5t Pdfpages driver for pdfTeX (AM)
)
\pdfpages@includegraphics@status=\count442
\AM@pagebox=\box63
\AM@global@opts=\toks44
\AM@pagecnt=\count443
\AM@toc@title=\toks45
\c@AM@survey=\count444
\AM@templatesizebox=\box64
)
(/app/texlive/texmf-dist/tex/latex/mathtools/mathtools.sty
Package: mathtools 2021/03/18 v1.25 mathematical typesetting tools

(/app/texlive/texmf-dist/tex/latex/mathtools/mhsetup.sty
Package: mhsetup 2021/03/18 v1.4 programming setup (MH)
)
LaTeX Info: Thecontrolsequence`\('isalreadyrobust on input line 130.
LaTeX Info: Thecontrolsequence`\)'isalreadyrobust on input line 130.
LaTeX Info: Thecontrolsequence`\['isalreadyrobust on input line 130.
LaTeX Info: Thecontrolsequence`\]'isalreadyrobust on input line 130.
\g_MT_multlinerow_int=\count445
\l_MT_multwidth_dim=\dimen294
\origjot=\skip87
\l_MT_shortvdotswithinadjustabove_dim=\dimen295
\l_MT_shortvdotswithinadjustbelow_dim=\dimen296
\l_MT_above_intertext_sep=\dimen297
\l_MT_below_intertext_sep=\dimen298
\l_MT_above_shortintertext_sep=\dimen299
\l_MT_below_shortintertext_sep=\dimen300
\xmathstrut@box=\box65
\xmathstrut@dim=\dimen301
)
(/app/texlive/texmf-dist/tex/latex/epigraph/epigraph.sty
Package: epigraph 2020/01/02 v1.5e typesetting epigraphs

(/app/texlive/texmf-dist/tex/latex/nextpage/nextpage.sty
Package: nextpage 2009/09/03 v1.1a additional page commands
)
\beforeepigraphskip=\skip88
\afterepigraphskip=\skip89
\epigraphwidth=\skip90
\epigraphrule=\skip91
)

Package biblatex Warning: 'babel/polyglossia' detected but 'csquotes' missing.
(biblatex)                Loading 'csquotes' recommended.

\@quotelevel=\count446
\@quotereset=\count447
LaTeX Font Info:    Trying to load font information for T1+txr on input line 17
6.
(/app/texlive/texmf-dist/tex/latex/txfonts/t1txr.fd
File: t1txr.fd 2000/12/15 v3.1
) (./Experiments.aux

LaTeX Warning: Label `proposed' multiply defined.


LaTeX Warning: Label `' multiply defined.


LaTeX Warning: Label `' multiply defined.


LaTeX Warning: Label `' multiply defined.


LaTeX Warning: Label `' multiply defined.


LaTeX Warning: Label `' multiply defined.


LaTeX Warning: Label `' multiply defined.


LaTeX Warning: Label `' multiply defined.


LaTeX Warning: Label `' multiply defined.


LaTeX Warning: Label `' multiply defined.


LaTeX Warning: Label `' multiply defined.


LaTeX Warning: Label `' multiply defined.


LaTeX Warning: Label `' multiply defined.


LaTeX Warning: Label `' multiply defined.


LaTeX Warning: Label `' multiply defined.


LaTeX Warning: Label `' multiply defined.


LaTeX Warning: Label `' multiply defined.


LaTeX Warning: Label `' multiply defined.


LaTeX Warning: Label `' multiply defined.


LaTeX Warning: Label `' multiply defined.


LaTeX Warning: Label `' multiply defined.


LaTeX Warning: Label `' multiply defined.


LaTeX Warning: Label `' multiply defined.


LaTeX Warning: Label `' multiply defined.

)
\openout1 = `Experiments.aux'.

LaTeX Font Info:    Checking defaults for OML/txmi/m/it on input line 176.
LaTeX Font Info:    Trying to load font information for OML+txmi on input line 
176.
 (/app/texlive/texmf-dist/tex/latex/txfonts/omltxmi.fd
File: omltxmi.fd 2000/12/15 v3.1
)
LaTeX Font Info:    ... okay on input line 176.
LaTeX Font Info:    Checking defaults for OMS/txsy/m/n on input line 176.
LaTeX Font Info:    Trying to load font information for OMS+txsy on input line 
176.

(/app/texlive/texmf-dist/tex/latex/txfonts/omstxsy.fd
File: omstxsy.fd 2000/12/15 v3.1
)
LaTeX Font Info:    ... okay on input line 176.
LaTeX Font Info:    Checking defaults for OT1/cmr/m/n on input line 176.
LaTeX Font Info:    ... okay on input line 176.
LaTeX Font Info:    Checking defaults for T1/cmr/m/n on input line 176.
LaTeX Font Info:    ... okay on input line 176.
LaTeX Font Info:    Checking defaults for TS1/cmr/m/n on input line 176.
LaTeX Font Info:    ... okay on input line 176.
LaTeX Font Info:    Checking defaults for OMX/txex/m/n on input line 176.
LaTeX Font Info:    Trying to load font information for OMX+txex on input line 
176.

(/app/texlive/texmf-dist/tex/latex/txfonts/omxtxex.fd
File: omxtxex.fd 2000/12/15 v3.1
)
LaTeX Font Info:    ... okay on input line 176.
LaTeX Font Info:    Checking defaults for U/txexa/m/n on input line 176.
LaTeX Font Info:    Trying to load font information for U+txexa on input line 1
76.

(/app/texlive/texmf-dist/tex/latex/txfonts/utxexa.fd
File: utxexa.fd 2000/12/15 v3.1
)
LaTeX Font Info:    ... okay on input line 176.

*geometry* driver: auto-detecting
*geometry* detected driver: pdftex

Package geometry Warning: The marginal notes overrun the paper.
     Add 12.0945pt and more to the right margin.

*geometry* verbose mode - [ preamble ] result:
* driver: pdftex
* paper: a4paper
* layout: <same size as paper>
* layoutoffset:(h,v)=(0.0pt,0.0pt)
* modes: 
* h-part:(L,W,R)=(85.35826pt, 455.24411pt, 56.9055pt)
* v-part:(T,H,B)=(113.81102pt, 645.87756pt, 85.35826pt)
* \paperwidth=597.50787pt
* \paperheight=845.04684pt
* \textwidth=455.24411pt
* \textheight=645.87756pt
* \oddsidemargin=13.08827pt
* \evensidemargin=13.08827pt
* \topmargin=-9.674pt
* \headheight=22.76228pt
* \headsep=28.45274pt
* \topskip=11.0pt
* \footskip=14.22636pt
* \marginparwidth=62.0pt
* \marginparsep=7.0pt
* \columnsep=10.0pt
* \skip\footins=10.0pt plus 4.0pt minus 2.0pt
* \hoffset=0.0pt
* \voffset=0.0pt
* \mag=1000
* \@twocolumnfalse
* \@twosidefalse
* \@mparswitchfalse
* \@reversemarginfalse
* (1in=72.27pt=25.4mm, 1cm=28.453pt)

(/app/texlive/texmf-dist/tex/context/base/mkii/supp-pdf.mkii
[Loading MPS to PDF converter (version 2006.09.02).]
\scratchcounter=\count448
\scratchdimen=\dimen302
\scratchbox=\box66
\nofMPsegments=\count449
\nofMParguments=\count450
\everyMPshowfont=\toks46
\MPscratchCnt=\count451
\MPscratchDim=\dimen303
\MPnumerator=\count452
\makeMPintoPDFobject=\count453
\everyMPtoPDFconversion=\toks47
)
Package caption Info: Begin \AtBeginDocument code.
Package caption Info: subfig package v1.3 is loaded.
Package caption Info: End \AtBeginDocument code.
Package biblatex Info: Trying to load language 'american'...
Package biblatex Info: ... file 'american.lbx' found.
 (/app/texlive/texmf-dist/tex/latex/biblatex/lbx/american.lbx
File: american.lbx 2020/12/06 v3.16 biblatex localization (PK/MW)
Package biblatex Info: Trying to load language 'english'...
Package biblatex Info: ... file 'english.lbx' found.

(/app/texlive/texmf-dist/tex/latex/biblatex/lbx/english.lbx
File: english.lbx 2020/12/06 v3.16 biblatex localization (PK/MW)
)
Package biblatex Info: Trying to load language 'english'...
Package biblatex Info: ... file 'english.lbx' found.

(/app/texlive/texmf-dist/tex/latex/biblatex/lbx/english.lbx
File: english.lbx 2020/12/06 v3.16 biblatex localization (PK/MW)
))
Package biblatex Info: Trying to load language 'czech'...
Package biblatex Info: ... file 'czech.lbx' found.

(/app/texlive/texmf-dist/tex/latex/biblatex/lbx/czech.lbx
File: czech.lbx 2020/12/06 v3.16 biblatex localization (PK/MW)
)
Package biblatex Info: Input encoding 'utf8' detected.
Package biblatex Info: Data encoding 'ascii' specified.
(biblatex)             No need to reencode data.
Package biblatex Info: Input encoding 'utf8' specified.
Package biblatex Info: Data encoding 'ascii' specified.
(biblatex)             No need to reencode data.
Package biblatex Info: Document encoding is UTF8 ....
Package biblatex Info: ... and expl3
(biblatex)             2021-02-18 L3 programming layer (loader) 
(biblatex)             is new enough (at least 2020/04/06),
(biblatex)             setting 'casechanger=expl3'.

(/app/texlive/texmf-dist/tex/latex/biblatex/blx-case-expl3.sty
Package: blx-case-expl3 2020/12/06 v3.16 expl3 case changing code for biblatex
)
\openout3 = `Experiments-blx.bib'.

Package biblatex Info: Trying to load bibliographic data...
Package biblatex Info: ... file 'Experiments.bbl' found.

(./Experiments.bbl

Package biblatex Warning: BibTeX reported the following issues
(biblatex)                with 'bartok13':
(biblatex)                - Invalid format of field 'month'.


Package biblatex Warning: BibTeX reported the following issues
(biblatex)                with 'faber15':
(biblatex)                - Invalid format of field 'month'.


Package biblatex Warning: BibTeX reported the following issues
(biblatex)                with 'hansen15':
(biblatex)                - Invalid format of field 'month'.


Package biblatex Warning: BibTeX reported the following issues
(biblatex)                with 'hansen13':
(biblatex)                - Invalid format of field 'month'.


Package biblatex Warning: BibTeX reported the following issues
(biblatex)                with 'im19':
(biblatex)                - Invalid format of field 'month'.


Package biblatex Warning: BibTeX reported the following issues
(biblatex)                with 'li19':
(biblatex)                - Invalid format of field 'month'.


Package biblatex Warning: BibTeX reported the following issues
(biblatex)                with 'moussa12question':
(biblatex)                - Invalid format of field 'month'.


Package biblatex Warning: BibTeX reported the following issues
(biblatex)                with 'rupp12':
(biblatex)                - Invalid format of field 'month'.


Package biblatex Warning: BibTeX reported the following issues
(biblatex)                with 'rup12answer':
(biblatex)                - Invalid format of field 'month'.


Package biblatex Warning: BibTeX reported the following issues
(biblatex)                with 'schutt14':
(biblatex)                - Invalid format of field 'month'.


Package biblatex Warning: BibTeX reported the following issues
(biblatex)                with 'segall12':
(biblatex)                - Invalid format of field 'month'.


Package biblatex Warning: BibTeX reported the following issues
(biblatex)                with 'sutton19':
(biblatex)                - Invalid format of field 'month'.


Package biblatex Warning: BibTeX reported the following issues
(biblatex)                with 'tibshirani11':
(biblatex)                - Invalid format of field 'month'.


Package biblatex Warning: BibTeX reported the following issues
(biblatex)                with 'xie18':
(biblatex)                - Invalid format of field 'month'.

)
Package biblatex Info: Reference section=0 on input line 176.
Package biblatex Info: Reference segment=0 on input line 176.
 (/app/texlive/texmf-dist/tex/latex/pdflscape/pdflscape.sty
Package: pdflscape 2019/12/05 v0.12 Display of landscape pages in PDF (HO)

(/app/texlive/texmf-dist/tex/latex/graphics/lscape.sty
Package: lscape 2020/05/28 v3.02 Landscape Pages (DPC)
)
Package pdflscape Info: Auto-detected driver: pdftex on input line 81.
)
<Images/TITLE/cvut.pdf, id=4, 1128.215pt x 931.48pt>
File: Images/TITLE/cvut.pdf Graphic file (type pdf)
<use Images/TITLE/cvut.pdf>
Package pdftex.def Info: Images/TITLE/cvut.pdf  used on input line 187.
(pdftex.def)             Requested size: 85.35272pt x 70.46915pt.
LaTeX Font Info:    Trying to load font information for OT1+txr on input line 1
89.

(/app/texlive/texmf-dist/tex/latex/txfonts/ot1txr.fd
File: ot1txr.fd 2000/12/15 v3.1
)
LaTeX Font Info:    Trying to load font information for U+txsya on input line 1
89.

(/app/texlive/texmf-dist/tex/latex/txfonts/utxsya.fd
File: utxsya.fd 2000/12/15 v3.1
)
LaTeX Font Info:    Trying to load font information for U+txsyb on input line 1
89.

(/app/texlive/texmf-dist/tex/latex/txfonts/utxsyb.fd
File: utxsyb.fd 2000/12/15 v3.1
)
LaTeX Font Info:    Trying to load font information for U+txmia on input line 1
89.

(/app/texlive/texmf-dist/tex/latex/txfonts/utxmia.fd
File: utxmia.fd 2000/12/15 v3.1
)
LaTeX Font Info:    Trying to load font information for U+txsyc on input line 1
89.

(/app/texlive/texmf-dist/tex/latex/txfonts/utxsyc.fd
File: utxsyc.fd 2000/12/15 v3.1
)
<Images/TITLE/fjfi.pdf, id=5, 1239.63126pt x 1083.04625pt>
File: Images/TITLE/fjfi.pdf Graphic file (type pdf)
<use Images/TITLE/fjfi.pdf>
Package pdftex.def Info: Images/TITLE/fjfi.pdf  used on input line 198.
(pdftex.def)             Requested size: 85.34549pt x 74.565pt.
LaTeX Font Info:    Font shape `T1/txr/b/n' in size <10.95> not available
(Font)              Font shape `T1/txr/bx/n' tried instead on input line 205.
LaTeX Font Info:    Font shape `T1/txr/b/n' in size <20.74> not available
(Font)              Font shape `T1/txr/bx/n' tried instead on input line 205.
 [1

{/app/texlive/texmf-dist/fonts/map/pdftex/updmap/pdftex.map} <./Images/TITLE/cv
ut.pdf> <./Images/TITLE/fjfi.pdf>]
<doc.pdf, id=21, 597.51233pt x 845.0471pt>
File: doc.pdf Graphic file (type pdf)
<use doc.pdf>
Package pdftex.def Info: doc.pdf  used on input line 243.
(pdftex.def)             Requested size: 597.51086pt x 845.04504pt.
File: doc.pdf Graphic file (type pdf)
<use doc.pdf>
Package pdftex.def Info: doc.pdf  used on input line 243.
(pdftex.def)             Requested size: 597.51086pt x 845.04504pt.
<doc.pdf, id=24, page=1, 597.51233pt x 845.0471pt>
File: doc.pdf Graphic file (type pdf)
<use doc.pdf, page 1>
Package pdftex.def Info: doc.pdf , page1 used on input line 243.
(pdftex.def)             Requested size: 455.24411pt x 643.84138pt.
File: doc.pdf Graphic file (type pdf)
<use doc.pdf, page 1>
Package pdftex.def Info: doc.pdf , page1 used on input line 243.
(pdftex.def)             Requested size: 784.65239pt x 1109.71475pt.
 [2]
File: doc.pdf Graphic file (type pdf)
<use doc.pdf, page 1>
Package pdftex.def Info: doc.pdf , page1 used on input line 243.
(pdftex.def)             Requested size: 784.65239pt x 1109.71475pt.
File: doc.pdf Graphic file (type pdf)
<use doc.pdf, page 1>
Package pdftex.def Info: doc.pdf , page1 used on input line 243.
(pdftex.def)             Requested size: 784.65239pt x 1109.71475pt.
File: doc.pdf Graphic file (type pdf)
<use doc.pdf, page 1>
Package pdftex.def Info: doc.pdf , page1 used on input line 243.
(pdftex.def)             Requested size: 784.65239pt x 1109.71475pt.
 [3 <./doc.pdf>]
<doc.pdf, id=46, page=2, 597.51233pt x 845.0471pt>
File: doc.pdf Graphic file (type pdf)
<use doc.pdf, page 2>
Package pdftex.def Info: doc.pdf , page2 used on input line 243.
(pdftex.def)             Requested size: 784.65239pt x 1109.71475pt.
File: doc.pdf Graphic file (type pdf)
<use doc.pdf, page 2>
Package pdftex.def Info: doc.pdf , page2 used on input line 243.
(pdftex.def)             Requested size: 784.65239pt x 1109.71475pt.
File: doc.pdf Graphic file (type pdf)
<use doc.pdf, page 2>
Package pdftex.def Info: doc.pdf , page2 used on input line 243.
(pdftex.def)             Requested size: 784.65239pt x 1109.71475pt.
 [4 <./doc.pdf>] [5] [6] [7]
LaTeX Font Info:    Font shape `T1/txr/b/n' in size <24.88> not available
(Font)              Font shape `T1/txr/bx/n' tried instead on input line 357.
 (./Experiments.toc
[8

])
\tf@toc=\write5
\openout5 = `Experiments.toc'.

 [9] [10

]
Chapter 1.
[11

]
LaTeX Font Info:    Font shape `T1/txr/b/n' in size <14.4> not available
(Font)              Font shape `T1/txr/bx/n' tried instead on input line 449.
LaTeX Font Info:    Font shape `T1/txr/b/n' in size <12> not available
(Font)              Font shape `T1/txr/bx/n' tried instead on input line 455.
 [12] [13] [14] [15]

LaTeX Warning: Command \textasciicaron invalid in math mode on input line 683.

LaTeX Font Info:    Trying to load font information for TS1+txr on input line 6
83.
(/app/texlive/texmf-dist/tex/latex/txfonts/ts1txr.fd
File: ts1txr.fd 2000/12/15 v3.1
)

LaTeX Warning: Command \textasciicaron invalid in math mode on input line 683.

Missing character: There is no  in font txr!
[16] [17] [18] [19] [20]
Underfull \hbox (badness 10000) in paragraph at lines 923--929

 []


Underfull \hbox (badness 10000) in paragraph at lines 946--952

 []

[21] [22] [23]
Underfull \hbox (badness 10000) in paragraph at lines 1124--1128

 []

[24]
(/app/texlive/texmf-dist/tex/generic/pgf/frontendlayer/tikz/libraries/tikzlibra
rypositioning.code.tex
File: tikzlibrarypositioning.code.tex 2020/12/27 v3.1.8b (3.1.8b)
) [25] [26] [27] [28] [29]
Chapter 2.

LaTeX Warning: Command \r invalid in math mode on input line 1287.


LaTeX Warning: Command \r invalid in math mode on input line 1287.

[30

]
<string_label_crop.png, id=149, 901.3675pt x 974.64125pt>
File: string_label_crop.png Graphic file (type png)
<use string_label_crop.png>
Package pdftex.def Info: string_label_crop.png  used on input line 1308.
(pdftex.def)             Requested size: 315.48334pt x 341.12955pt.
 [31] [32 <./string_label_crop.png (PNG copy)>] [33] [34]
Overfull \hbox (1.05751pt too wide) in paragraph at lines 1387--1388
[]\T1/txr/m/n/10.95 Among other de-scrip-tors re-viewed be-long the many-body t
en-sor rep-re-sen-ta-tion (MBTR) which works
 []

[35] [36] [37]
<train_id_20_final_Ga4_hotovo.png, id=173, 1923.185pt x 980.66376pt>
File: train_id_20_final_Ga4_hotovo.png Graphic file (type png)
<use train_id_20_final_Ga4_hotovo.png>
Package pdftex.def Info: train_id_20_final_Ga4_hotovo.png  used on input line 1
493.
(pdftex.def)             Requested size: 442.32326pt x 225.54791pt.

Overfull \hbox (30.81177pt too wide) in paragraph at lines 1490--1495
[]\T1/txr/m/n/10.95 The pro-ce-dure of ngram and ex-tended ngram con-struc-tion
 out-lined above is ap-plied to $\OT1/txr/m/n/10.95 (\OML/txmi/m/it/10.95 Al[]G
a[]In[]\OT1/txr/m/n/10.95 )[]\OML/txmi/m/it/10.95 O[]$
 []

[38 <./train_id_20_final_Ga4_hotovo.png (PNG copy)>]

LaTeX Warning: Command \r invalid in math mode on input line 1509.

[39]
Chapter 3.
<rocksalt_nolabels.pdf, id=180, 578.16pt x 794.97pt>
File: rocksalt_nolabels.pdf Graphic file (type pdf)
<use rocksalt_nolabels.pdf>
Package pdftex.def Info: rocksalt_nolabels.pdf  used on input line 1536.
(pdftex.def)             Requested size: 150.31805pt x 206.68732pt.
<wurtzite_nolabels.pdf, id=181, 578.16pt x 794.97pt>
File: wurtzite_nolabels.pdf Graphic file (type pdf)
<use wurtzite_nolabels.pdf>
Package pdftex.def Info: wurtzite_nolabels.pdf  used on input line 1539.
(pdftex.def)             Requested size: 150.31805pt x 206.68732pt.
<zincblende_nolabels.pdf, id=182, 578.16pt x 794.97pt>
File: zincblende_nolabels.pdf Graphic file (type pdf)
<use zincblende_nolabels.pdf>
Package pdftex.def Info: zincblende_nolabels.pdf  used on input line 1542.
(pdftex.def)             Requested size: 150.31805pt x 206.68732pt.
[40

 <./rocksalt_nolabels.pdf> <./wurtzite_nolabels.pdf> <./zincblende_nolabels.pdf
>] [41]

LaTeX Warning: `h' float specifier changed to `ht'.

[42]
Overfull \hbox (30.3384pt too wide) in paragraph at lines 1719--1721
\T1/txr/m/n/10.95 where $\OML/txmi/m/it/10.95 dim\OT1/txr/m/n/10.95 (\OML/txmi/
m/it/10.95 ^^U\OT1/txr/m/n/10.95 )$ \T1/txr/m/n/10.95 means the num-ber of $\OM
L/txmi/m/it/10.95 ^^U$ \T1/txr/m/n/10.95 val-ues eval-u-ated dur-ing the LASSO+
$\OML/txmi/m/it/10.95 `[]$ \T1/txr/m/n/10.95 pro-ce-dure, $\OML/txmi/m/it/10.95
 ^^U[] \OT1/txr/m/n/10.95 = [] [][] \OMS/txsy/m/n/10.95 jh\OML/cmm/b/it/10.95 x
[]\OML/txmi/m/it/10.95 ; \OT1/cmr/bx/n/10.95 ^^A\OML/cmm/b/it/10.95 E\OMS/txsy/
m/n/10.95 ij$
 []

[43]
<lasso.pdf, id=203, 402.95316pt x 290.98099pt>
File: lasso.pdf Graphic file (type pdf)
<use lasso.pdf>
Package pdftex.def Info: lasso.pdf  used on input line 1770.
(pdftex.def)             Requested size: 402.95216pt x 290.98027pt.
 [44] [45 <./lasso.pdf>] [46]
Overfull \hbox (15.19493pt too wide) in paragraph at lines 1846--1910
 [][] 
 []

[47] [48]
Overfull \hbox (18.16127pt too wide) in paragraph at lines 1922--1942
 [][] 
 []

[49] [50]
Chapter 4.

Overfull \hbox (27.14687pt too wide) in paragraph at lines 2022--2023
[][] 
 []


LaTeX Warning: `h' float specifier changed to `ht'.

[51

]
<train_id_20_vegard_hotovo.png, id=279, 1923.185pt x 979.66pt>
File: train_id_20_vegard_hotovo.png Graphic file (type png)
<use train_id_20_vegard_hotovo.png>
Package pdftex.def Info: train_id_20_vegard_hotovo.png  used on input line 2030
.
(pdftex.def)             Requested size: 480.79507pt x 244.9144pt.
<train_id_20_final_hotovo.png, id=280, 1923.185pt x 979.66pt>
File: train_id_20_final_hotovo.png Graphic file (type png)
<use train_id_20_final_hotovo.png>
Package pdftex.def Info: train_id_20_final_hotovo.png  used on input line 2033.

(pdftex.def)             Requested size: 480.79507pt x 244.9144pt.

Overfull \hbox (25.55096pt too wide) in paragraph at lines 2030--2036
[][]
 []


Overfull \hbox (25.55096pt too wide) in paragraph at lines 2030--2036
[] 
 []

[52]
<rsn.pdf, id=284, 600.72244pt x 169.22095pt>
File: rsn.pdf Graphic file (type pdf)
<use rsn.pdf>
Package pdftex.def Info: rsn.pdf  used on input line 2041.
(pdftex.def)             Requested size: 480.57861pt x 135.37692pt.

Overfull \hbox (25.3345pt too wide) in paragraph at lines 2041--2042
[][] 
 []

[53 <./train_id_20_vegard_hotovo.png (PNG copy)> <./train_id_20_final_hotovo.pn
g (PNG copy)>] [54 <./rsn.pdf>]
<vegard_nonzero_unigram_competition.pdf, id=325, 600.04805pt x 166.64885pt>
File: vegard_nonzero_unigram_competition.pdf Graphic file (type pdf)
<use vegard_nonzero_unigram_competition.pdf>
Package pdftex.def Info: vegard_nonzero_unigram_competition.pdf  used on input 
line 2072.
(pdftex.def)             Requested size: 480.0391pt x 133.31924pt.
<final_nonzero_unigram_competition.pdf, id=326, 600.04805pt x 166.64885pt>
File: final_nonzero_unigram_competition.pdf Graphic file (type pdf)
<use final_nonzero_unigram_competition.pdf>
Package pdftex.def Info: final_nonzero_unigram_competition.pdf  used on input l
ine 2073.
(pdftex.def)             Requested size: 480.0391pt x 133.31924pt.

Overfull \hbox (24.79498pt too wide) in paragraph at lines 2072--2074
 [][] 
 []


Overfull \hbox (24.79498pt too wide) in paragraph at lines 2072--2074
 [] 
 []

[55]

LaTeX Warning: Command \r invalid in math mode on input line 2083.


LaTeX Warning: Command \r invalid in math mode on input line 2084.


LaTeX Warning: Command \r invalid in math mode on input line 2085.


LaTeX Warning: Command \r invalid in math mode on input line 2086.

[56 <./vegard_nonzero_unigram_competition.pdf> <./final_nonzero_unigram_competi
tion.pdf

pdfTeX warning: /app/texlive/bin/x86_64-linux/pdflatex (file ./final_nonzero_un
igram_competition.pdf): PDF inclusion: multiple pdfs with page group included i
n a single page
>] [57]
Overfull \hbox (35.30002pt too wide) in paragraph at lines 2119--2131
 [][] 
 []

[58]
Overfull \hbox (35.30002pt too wide) in paragraph at lines 2138--2150
 [][] 
 []


Overfull \hbox (29.96375pt too wide) in paragraph at lines 2157--2169
 [][] 
 []


Overfull \hbox (35.30002pt too wide) in paragraph at lines 2175--2187
 [][] 
 []


Overfull \hbox (35.30002pt too wide) in paragraph at lines 2194--2206
 [][] 
 []


Overfull \hbox (32.1878pt too wide) in paragraph at lines 2213--2225
 [][] 
 []

[59]
Overfull \hbox (35.30002pt too wide) in paragraph at lines 2232--2244
 [][] 
 []


Overfull \hbox (35.30002pt too wide) in paragraph at lines 2251--2263
 [][] 
 []


Overfull \hbox (28.85172pt too wide) in paragraph at lines 2270--2282
 [][] 
 []


Overfull \hbox (35.30002pt too wide) in paragraph at lines 2289--2301
 [][] 
 []


Overfull \hbox (35.30002pt too wide) in paragraph at lines 2308--2320
 [][] 
 []

[60]
Overfull \hbox (28.85172pt too wide) in paragraph at lines 2327--2339
 [][] 
 []


Overfull \hbox (35.30002pt too wide) in paragraph at lines 2349--2361
 [][] 
 []


Overfull \hbox (35.30002pt too wide) in paragraph at lines 2368--2380
 [][] 
 []


Overfull \hbox (28.85172pt too wide) in paragraph at lines 2387--2399
 [][] 
 []


Overfull \hbox (35.30002pt too wide) in paragraph at lines 2406--2418
 [][] 
 []

[61]
Overfull \hbox (35.30002pt too wide) in paragraph at lines 2426--2438
 [][] 
 []


Overfull \hbox (31.07578pt too wide) in paragraph at lines 2446--2458
 [][] 
 []


Overfull \hbox (35.30002pt too wide) in paragraph at lines 2466--2478
 [][] 
 []


Overfull \hbox (35.30002pt too wide) in paragraph at lines 2486--2498
 [][] 
 []


Overfull \hbox (28.85172pt too wide) in paragraph at lines 2505--2517
 [][] 
 []

[62]
Overfull \hbox (35.30002pt too wide) in paragraph at lines 2524--2536
 [][] 
 []


Overfull \hbox (35.30002pt too wide) in paragraph at lines 2544--2556
 [][] 
 []


Overfull \hbox (28.85172pt too wide) in paragraph at lines 2564--2576
 [][] 
 []

[63]
<unigram_MAE_form.pdf, id=437, 433.62pt x 289.08pt>
File: unigram_MAE_form.pdf Graphic file (type pdf)
<use unigram_MAE_form.pdf>
Package pdftex.def Info: unigram_MAE_form.pdf  used on input line 2585.
(pdftex.def)             Requested size: 260.17401pt x 173.44933pt.
<unigram_RMSE_form.pdf, id=438, 433.62pt x 289.08pt>
File: unigram_RMSE_form.pdf Graphic file (type pdf)
<use unigram_RMSE_form.pdf>
Package pdftex.def Info: unigram_RMSE_form.pdf  used on input line 2591.
(pdftex.def)             Requested size: 260.17401pt x 173.44933pt.
<unigram_RMSLE_form.pdf, id=439, 433.62pt x 289.08pt>
File: unigram_RMSLE_form.pdf Graphic file (type pdf)
<use unigram_RMSLE_form.pdf>
Package pdftex.def Info: unigram_RMSLE_form.pdf  used on input line 2597.
(pdftex.def)             Requested size: 260.17401pt x 173.44933pt.
<unigram_MAE_gap.pdf, id=440, 433.62pt x 289.08pt>
File: unigram_MAE_gap.pdf Graphic file (type pdf)
<use unigram_MAE_gap.pdf>
Package pdftex.def Info: unigram_MAE_gap.pdf  used on input line 2603.
(pdftex.def)             Requested size: 260.17401pt x 173.44933pt.
 [64 <./unigram_MAE_form.pdf> <./unigram_RMSE_form.pdf>]
<unigram_RMSE_gap.pdf, id=545, 433.62pt x 289.08pt>
File: unigram_RMSE_gap.pdf Graphic file (type pdf)
<use unigram_RMSE_gap.pdf>
Package pdftex.def Info: unigram_RMSE_gap.pdf  used on input line 2609.
(pdftex.def)             Requested size: 260.17401pt x 173.44933pt.
<unigram_RMSLE_gap.pdf, id=546, 433.62pt x 289.08pt>
File: unigram_RMSLE_gap.pdf Graphic file (type pdf)
<use unigram_RMSLE_gap.pdf>
Package pdftex.def Info: unigram_RMSLE_gap.pdf  used on input line 2615.
(pdftex.def)             Requested size: 260.17401pt x 173.44933pt.
<bigram_MAE_form.pdf, id=547, 433.62pt x 289.08pt>
File: bigram_MAE_form.pdf Graphic file (type pdf)
<use bigram_MAE_form.pdf>
Package pdftex.def Info: bigram_MAE_form.pdf  used on input line 2622.
(pdftex.def)             Requested size: 260.17401pt x 173.44933pt.
 [65 <./unigram_RMSLE_form.pdf> <./unigram_MAE_gap.pdf> <./unigram_RMSE_gap.pdf
>]
<bigram_RMSE_form.pdf, id=701, 433.62pt x 289.08pt>
File: bigram_RMSE_form.pdf Graphic file (type pdf)
<use bigram_RMSE_form.pdf>
Package pdftex.def Info: bigram_RMSE_form.pdf  used on input line 2628.
(pdftex.def)             Requested size: 260.17401pt x 173.44933pt.
<bigram_RMSLE_form.pdf, id=702, 433.62pt x 289.08pt>
File: bigram_RMSLE_form.pdf Graphic file (type pdf)
<use bigram_RMSLE_form.pdf>
Package pdftex.def Info: bigram_RMSLE_form.pdf  used on input line 2634.
(pdftex.def)             Requested size: 260.17401pt x 173.44933pt.
<bigram_MAE_gap.pdf, id=703, 433.62pt x 289.08pt>
File: bigram_MAE_gap.pdf Graphic file (type pdf)
<use bigram_MAE_gap.pdf>
Package pdftex.def Info: bigram_MAE_gap.pdf  used on input line 2640.
(pdftex.def)             Requested size: 260.17401pt x 173.44933pt.
 [66 <./unigram_RMSLE_gap.pdf> <./bigram_MAE_form.pdf> <./bigram_RMSE_form.pdf>
]
<bigram_RMSE_gap.pdf, id=858, 433.62pt x 289.08pt>
File: bigram_RMSE_gap.pdf Graphic file (type pdf)
<use bigram_RMSE_gap.pdf>
Package pdftex.def Info: bigram_RMSE_gap.pdf  used on input line 2646.
(pdftex.def)             Requested size: 260.17401pt x 173.44933pt.
<bigram_RMSLE_gap.pdf, id=859, 433.62pt x 289.08pt>
File: bigram_RMSLE_gap.pdf Graphic file (type pdf)
<use bigram_RMSLE_gap.pdf>
Package pdftex.def Info: bigram_RMSLE_gap.pdf  used on input line 2652.
(pdftex.def)             Requested size: 260.17401pt x 173.44933pt.
<trigram_MAE_form.pdf, id=860, 433.62pt x 289.08pt>
File: trigram_MAE_form.pdf Graphic file (type pdf)
<use trigram_MAE_form.pdf>
Package pdftex.def Info: trigram_MAE_form.pdf  used on input line 2659.
(pdftex.def)             Requested size: 260.17401pt x 173.44933pt.
 [67 <./bigram_RMSLE_form.pdf> <./bigram_MAE_gap.pdf> <./bigram_RMSE_gap.pdf>]
<trigram_RMSE_form.pdf, id=1012, 433.62pt x 289.08pt>
File: trigram_RMSE_form.pdf Graphic file (type pdf)
<use trigram_RMSE_form.pdf>
Package pdftex.def Info: trigram_RMSE_form.pdf  used on input line 2665.
(pdftex.def)             Requested size: 260.17401pt x 173.44933pt.
<trigram_RMSLE_form.pdf, id=1013, 433.62pt x 289.08pt>
File: trigram_RMSLE_form.pdf Graphic file (type pdf)
<use trigram_RMSLE_form.pdf>
Package pdftex.def Info: trigram_RMSLE_form.pdf  used on input line 2671.
(pdftex.def)             Requested size: 260.17401pt x 173.44933pt.
<trigram_MAE_gap.pdf, id=1014, 433.62pt x 289.08pt>
File: trigram_MAE_gap.pdf Graphic file (type pdf)
<use trigram_MAE_gap.pdf>
Package pdftex.def Info: trigram_MAE_gap.pdf  used on input line 2677.
(pdftex.def)             Requested size: 260.17401pt x 173.44933pt.
 [68 <./bigram_RMSLE_gap.pdf> <./trigram_MAE_form.pdf> <./trigram_RMSE_form.pdf
>]
<trigram_RMSE_gap.pdf, id=1168, 433.62pt x 289.08pt>
File: trigram_RMSE_gap.pdf Graphic file (type pdf)
<use trigram_RMSE_gap.pdf>
Package pdftex.def Info: trigram_RMSE_gap.pdf  used on input line 2683.
(pdftex.def)             Requested size: 260.17401pt x 173.44933pt.
<trigram_RMSLE_gap.pdf, id=1169, 433.62pt x 289.08pt>
File: trigram_RMSLE_gap.pdf Graphic file (type pdf)
<use trigram_RMSLE_gap.pdf>
Package pdftex.def Info: trigram_RMSLE_gap.pdf  used on input line 2689.
(pdftex.def)             Requested size: 260.17401pt x 173.44933pt.
<quadgram_MAE_form.pdf, id=1170, 433.62pt x 289.08pt>
File: quadgram_MAE_form.pdf Graphic file (type pdf)
<use quadgram_MAE_form.pdf>
Package pdftex.def Info: quadgram_MAE_form.pdf  used on input line 2696.
(pdftex.def)             Requested size: 260.17401pt x 173.44933pt.
 [69 <./trigram_RMSLE_form.pdf> <./trigram_MAE_gap.pdf> <./trigram_RMSE_gap.pdf
>]
<quadgram_RMSE_form.pdf, id=1323, 433.62pt x 289.08pt>
File: quadgram_RMSE_form.pdf Graphic file (type pdf)
<use quadgram_RMSE_form.pdf>
Package pdftex.def Info: quadgram_RMSE_form.pdf  used on input line 2702.
(pdftex.def)             Requested size: 260.17401pt x 173.44933pt.
<quadgram_RMSLE_form.pdf, id=1324, 433.62pt x 289.08pt>
File: quadgram_RMSLE_form.pdf Graphic file (type pdf)
<use quadgram_RMSLE_form.pdf>
Package pdftex.def Info: quadgram_RMSLE_form.pdf  used on input line 2708.
(pdftex.def)             Requested size: 260.17401pt x 173.44933pt.
<quadgram_MAE_gap.pdf, id=1325, 433.62pt x 289.08pt>
File: quadgram_MAE_gap.pdf Graphic file (type pdf)
<use quadgram_MAE_gap.pdf>
Package pdftex.def Info: quadgram_MAE_gap.pdf  used on input line 2714.
(pdftex.def)             Requested size: 260.17401pt x 173.44933pt.
 [70 <./trigram_RMSLE_gap.pdf> <./quadgram_MAE_form.pdf> <./quadgram_RMSE_form.
pdf>]
<quadgram_RMSE_gap.pdf, id=1482, 433.62pt x 289.08pt>
File: quadgram_RMSE_gap.pdf Graphic file (type pdf)
<use quadgram_RMSE_gap.pdf>
Package pdftex.def Info: quadgram_RMSE_gap.pdf  used on input line 2720.
(pdftex.def)             Requested size: 260.17401pt x 173.44933pt.
<quadgram_RMSLE_gap.pdf, id=1483, 433.62pt x 289.08pt>
File: quadgram_RMSLE_gap.pdf Graphic file (type pdf)
<use quadgram_RMSLE_gap.pdf>
Package pdftex.def Info: quadgram_RMSLE_gap.pdf  used on input line 2726.
(pdftex.def)             Requested size: 260.17401pt x 173.44933pt.

[71 <./quadgram_RMSLE_form.pdf> <./quadgram_MAE_gap.pdf> <./quadgram_RMSE_gap.p
df>] [72 <./quadgram_RMSLE_gap.pdf>] [73

]
Appendix A.
[74

]
Overfull \vbox (72.25797pt too high) has occurred while \output is active []


[75]
Overfull \hbox (1.52pt too wide) in paragraph at lines 2789--2892
[]$[]$  $[]$ 
 []

[76]
Appendix B.

Overfull \hbox (35.38878pt too wide) in paragraph at lines 2895--2951
[]\T1/txr/m/n/10.95 We show the con-struc-tion of the ngram step by step for be
t-ter un-de-stand-ing on an al-loy $\OT1/txr/m/n/10.95 (\OML/txmi/m/it/10.95 Al
[]Ga[]In[]\OT1/txr/m/n/10.95 )[]\OML/txmi/m/it/10.95 O[]$\T1/txr/m/n/10.95 .
 []

File: train_id_20_final_hotovo.png Graphic file (type png)
<use train_id_20_final_hotovo.png>
Package pdftex.def Info: train_id_20_final_hotovo.png  used on input line 2969.

(pdftex.def)             Requested size: 442.32326pt x 225.31706pt.
[77

]
Overfull \hbox (23.60332pt too wide) detected at line 2998
\OML/cmm/b/it/6 D \OT1/txr/m/n/6 = []
 []


Overfull \hbox (4.01425pt too wide) in paragraph at lines 3005--3010
 [][] 
 []

[78]
<id_20_graph.pdf, id=1714, 867.24pt x 867.24pt>
File: id_20_graph.pdf Graphic file (type pdf)
<use id_20_graph.pdf>
Package pdftex.def Info: id_20_graph.pdf  used on input line 3018.
(pdftex.def)             Requested size: 433.61894pt x 433.61894pt.


LaTeX Warning: Command \r invalid in math mode on input line 3023.

[79 <./id_20_graph.pdf>]
<unigram_id_20.pdf, id=1737, 595.9703pt x 166.64885pt>
File: unigram_id_20.pdf Graphic file (type pdf)
<use unigram_id_20.pdf>
Package pdftex.def Info: unigram_id_20.pdf  used on input line 3027.
(pdftex.def)             Requested size: 506.57716pt x 141.65218pt.

Overfull \hbox (51.33305pt too wide) in paragraph at lines 3027--3028
 [][] 
 []

[80 <./unigram_id_20.pdf>]
Appendix C.
[81

]
LaTeX Font Info:    Trying to load font information for T1+txtt on input line 3
054.
 (/app/texlive/texmf-dist/tex/latex/txfonts/t1txtt.fd
File: t1txtt.fd 2000/12/15 v3.1
) [82

] [83]
Overfull \hbox (12.88324pt too wide) in paragraph at lines 3055--3055
\T1/txr/m/n/10.95 with Ma-chine Learn-ing".'' In: \T1/txr/m/it/10.95 Phys. Rev.
 Lett. \T1/txr/m/n/10.95 109 (5 2012), p. 059801. \T1/txr/m/sc/10.95 doi\T1/txr
/m/n/10.95 : $\T1/txtt/m/n/10.95 10 . 1103 / PhysRevLett .
 []


Overfull \hbox (33.49721pt too wide) in paragraph at lines 3055--3055
\T1/txr/m/it/10.95 te-ri-als Sci-ence Chal-lenges Through Crowd Sourc-ing\T1/tx
r/m/n/10.95 . 2018. arXiv: $\T1/txtt/m/n/10.95 1812 . 00085$ [cond-mat.mtrl-sci
]\T1/txr/m/n/10.95 . 
 []

[84] [85] (./Experiments.aux)

LaTeX Warning: There were multiply-defined labels.

Package logreq Info: Writing requests to 'Experiments.run.xml'.
\openout1 = `Experiments.run.xml'.

 ) 
Here is how much of TeX's memory you used:
 27242 strings out of 478994
 514214 string characters out of 5859690
 1145971 words of memory out of 5000000
 44100 multiletter control sequences out of 15000+600000
 543566 words of font info for 291 fonts, out of 8000000 for 9000
 1152 hyphenation exceptions out of 8191
 87i,17n,88p,1852b,1858s stack positions out of 5000i,500n,10000p,200000b,80000s
{/app/texlive/texmf-dist/fonts/enc/dvips/base/8r.enc}</app/texlive/texmf-dist
/fonts/type1/public/amsfonts/cm/cmbsy10.pfb></app/texlive/texmf-dist/fonts/type
1/public/amsfonts/cmextra/cmbsy8.pfb></app/texlive/texmf-dist/fonts/type1/publi
c/amsfonts/cm/cmbx10.pfb></app/texlive/texmf-dist/fonts/type1/public/amsfonts/c
m/cmbx8.pfb></app/texlive/texmf-dist/fonts/type1/public/amsfonts/cm/cmmi10.pfb>
</app/texlive/texmf-dist/fonts/type1/public/amsfonts/cm/cmmi12.pfb></app/texliv
e/texmf-dist/fonts/type1/public/amsfonts/cm/cmmi7.pfb></app/texlive/texmf-dist/
fonts/type1/public/amsfonts/cm/cmmib10.pfb></app/texlive/texmf-dist/fonts/type1
/public/amsfonts/cmextra/cmmib6.pfb></app/texlive/texmf-dist/fonts/type1/public
/amsfonts/cmextra/cmmib8.pfb></app/texlive/texmf-dist/fonts/type1/public/amsfon
ts/cm/cmr10.pfb></app/texlive/texmf-dist/fonts/type1/public/amsfonts/cm/cmr12.p
fb></app/texlive/texmf-dist/fonts/type1/public/amsfonts/cm/cmr7.pfb></app/texli
ve/texmf-dist/fonts/type1/public/amsfonts/cm/cmss10.pfb></app/texlive/texmf-dis
t/fonts/type1/public/amsfonts/cm/cmss12.pfb></app/texlive/texmf-dist/fonts/type
1/public/amsfonts/cm/cmsy10.pfb></app/texlive/texmf-dist/fonts/type1/public/txf
onts/rtcxr.pfb></app/texlive/texmf-dist/fonts/type1/public/txfonts/rtxb.pfb></a
pp/texlive/texmf-dist/fonts/type1/public/txfonts/rtxbmi.pfb></app/texlive/texmf
-dist/fonts/type1/public/txfonts/rtxi.pfb></app/texlive/texmf-dist/fonts/type1/
public/txfonts/rtxmi.pfb></app/texlive/texmf-dist/fonts/type1/public/txfonts/rt
xr.pfb></app/texlive/texmf-dist/fonts/type1/public/txfonts/rtxsc.pfb></app/texl
ive/texmf-dist/fonts/type1/public/txfonts/t1xtt.pfb></app/texlive/texmf-dist/fo
nts/type1/public/txfonts/txex.pfb></app/texlive/texmf-dist/fonts/type1/public/t
xfonts/txsy.pfb></app/texlive/texmf-dist/fonts/type1/public/txfonts/txsya.pfb><
/app/texlive/texmf-dist/fonts/type1/public/txfonts/txsyb.pfb></app/texlive/texm
f-dist/fonts/type1/public/txfonts/txsyc.pfb></app/texlive/texmf-dist/fonts/type
1/urw/times/utmb8a.pfb></app/texlive/texmf-dist/fonts/type1/urw/times/utmbi8a.p
fb></app/texlive/texmf-dist/fonts/type1/urw/times/utmr8a.pfb></app/texlive/texm
f-dist/fonts/type1/urw/times/utmr8a.pfb></app/texlive/texmf-dist/fonts/type1/ur
w/times/utmri8a.pfb>
Output written on Experiments.pdf (85 pages, 3746668 bytes).
PDF statistics:
 1888 PDF objects out of 2073 (max. 8388607)
 478 compressed objects within 5 object streams
 0 named destinations out of 1000 (max. 500000)
 233 words of extra memory for PDF output out of 10000 (max. 10000000)

